ERROR:traits:Exception occurred in traits notification handler for object: <alex.controller.BurstPropertiesViewController object at 0x03C72C00>, trait: burst_properties_options, old value: None, new value: 10 10000.0 0.001 Tau 0 0 0 False ['Tau', 'Len', 'F_Aexc_Aem', 'F_Dexc_Dem', 'F_Dexc_Aem', 'F_Aexc_Dem']
Traceback (most recent call last):
  File "C:\Python27\lib\site-packages\traits\trait_notifiers.py", line 520, in _dispatch_change_event
    self.dispatch( handler, *args )
  File "C:\Python27\lib\site-packages\traits\trait_notifiers.py", line 483, in dispatch
    handler( *args )
  File "C:\Documents and Settings\confocal\Desktop\ALEX-Suite-1.2.0\alex\mixins.py", line 179, in update_mode
    self.update_no_bins(value=self.burst_properties_options.bin_size_time)
  File "C:\Documents and Settings\confocal\Desktop\ALEX-Suite-1.2.0\alex\mixins.py", line 167, in update_no_bins
    lim = np.max(self.data_container.data[self.burst_properties_options.column])
AttributeError: 'NoneType' object has no attribute 'data'
ERROR:traits:Exception occurred in traits notification handler for object: <alex.controller.BurstPropertiesViewController object at 0x03C72C00>, trait: burst_properties_options, old value: None, new value: 10 10000.0 0.001 Tau 0 0 0 False ['Tau', 'Len', 'F_Aexc_Aem', 'F_Dexc_Dem', 'F_Dexc_Aem', 'F_Aexc_Dem']
Traceback (most recent call last):
  File "C:\Python27\lib\site-packages\traits\trait_notifiers.py", line 577, in _dispatch_change_event
    self.dispatch( handler, *args )
  File "C:\Python27\lib\site-packages\traits\trait_notifiers.py", line 483, in dispatch
    handler( *args )
  File "C:\Python27\lib\site-packages\traits\traits_listener.py", line 477, in handle_dst
    raise TraitError( "on_trait_change handler signature is "
TraitError: on_trait_change handler signature is incompatible with a change to an intermediate trait
ERROR:traits:Exception occurred in traits notification handler for object: <alex.controller.BurstPropertiesViewController object at 0x03C72C00>, trait: burst_properties_options, old value: None, new value: 10 10000.0 0.001 Tau 0 0 0 False ['Tau', 'Len', 'F_Aexc_Aem', 'F_Dexc_Dem', 'F_Dexc_Aem', 'F_Aexc_Dem']
Traceback (most recent call last):
  File "C:\Python27\lib\site-packages\traits\trait_notifiers.py", line 520, in _dispatch_change_event
    self.dispatch( handler, *args )
  File "C:\Python27\lib\site-packages\traits\trait_notifiers.py", line 483, in dispatch
    handler( *args )
  File "C:\Documents and Settings\confocal\Desktop\ALEX-Suite-1.2.0\alex\mixins.py", line 160, in apply_burst_options
    self.data_container.update()
AttributeError: 'NoneType' object has no attribute 'update'
ERROR:traits:Exception occurred in traits notification handler for object: <alex.controller.BurstPropertiesViewController object at 0x03C72C00>, trait: burst_thresholds, old value: None, new value: inf 0.0 inf 0.0 1.0 0.0 1.0 0.0 inf 0.0 inf 0.0
Traceback (most recent call last):
  File "C:\Python27\lib\site-packages\traits\trait_notifiers.py", line 520, in _dispatch_change_event
    self.dispatch( handler, *args )
  File "C:\Python27\lib\site-packages\traits\trait_notifiers.py", line 483, in dispatch
    handler( *args )
  File "C:\Documents and Settings\confocal\Desktop\ALEX-Suite-1.2.0\alex\mixins.py", line 84, in apply_thresholds
    self.data_container._apply_thresholds()
AttributeError: 'NoneType' object has no attribute '_apply_thresholds'
WARNING:enaml.session:Invalid object id sent to Session: o_fO:index_changed
