ERROR:traits:Exception occurred in traits notification handler for object: <alex.models.EvsS object at 0x06DB8300>, trait: thresholds, old value: None, new value: 0.0 inf 0.0 inf 0.0 inf 0.0 1.0
Traceback (most recent call last):
  File "C:\Python27\lib\site-packages\traits\trait_notifiers.py", line 520, in _dispatch_change_event
    self.dispatch( handler, *args )
  File "C:\Python27\lib\site-packages\traits\trait_notifiers.py", line 483, in dispatch
    handler( *args )
  File "C:\Documents and Settings\confocal\Desktop\ALEX-Suite 1.0\alex\models.py", line 350, in apply_thresholds
    self.update()
  File "C:\Documents and Settings\confocal\Desktop\ALEX-Suite 1.0\alex\models.py", line 448, in update
    self._accurate_E()
  File "C:\Documents and Settings\confocal\Desktop\ALEX-Suite 1.0\alex\models.py", line 476, in _accurate_E
    DA_bkg_corr = self.data['F_Dexc_Aem'] - self.corr.bkg_DA*self.data['Tau']*1000
AttributeError: 'NoneType' object has no attribute 'bkg_DA'
ERROR:traits:Exception occurred in traits notification handler for object: <alex.models.EvsS object at 0x06DB8300>, trait: options, old value: None, new value: False 101 101 0.0 1.0 0.0 1.0
Traceback (most recent call last):
  File "C:\Python27\lib\site-packages\traits\trait_notifiers.py", line 520, in _dispatch_change_event
    self.dispatch( handler, *args )
  File "C:\Python27\lib\site-packages\traits\trait_notifiers.py", line 483, in dispatch
    handler( *args )
  File "C:\Documents and Settings\confocal\Desktop\ALEX-Suite 1.0\alex\models.py", line 372, in update_binning
    self.update()
  File "C:\Documents and Settings\confocal\Desktop\ALEX-Suite 1.0\alex\models.py", line 448, in update
    self._accurate_E()
  File "C:\Documents and Settings\confocal\Desktop\ALEX-Suite 1.0\alex\models.py", line 476, in _accurate_E
    DA_bkg_corr = self.data['F_Dexc_Aem'] - self.corr.bkg_DA*self.data['Tau']*1000
AttributeError: 'NoneType' object has no attribute 'bkg_DA'
ERROR:traits:Exception occurred in traits notification handler for object: <alex.models.EvsS object at 0x06DB8300>, trait: options, old value: None, new value: False 101 101 0.0 1.0 0.0 1.0
Traceback (most recent call last):
  File "C:\Python27\lib\site-packages\traits\trait_notifiers.py", line 520, in _dispatch_change_event
    self.dispatch( handler, *args )
  File "C:\Python27\lib\site-packages\traits\trait_notifiers.py", line 483, in dispatch
    handler( *args )
  File "C:\Documents and Settings\confocal\Desktop\ALEX-Suite 1.0\alex\models.py", line 368, in discard_data_on_E
    self.update()
  File "C:\Documents and Settings\confocal\Desktop\ALEX-Suite 1.0\alex\models.py", line 448, in update
    self._accurate_E()
  File "C:\Documents and Settings\confocal\Desktop\ALEX-Suite 1.0\alex\models.py", line 476, in _accurate_E
    DA_bkg_corr = self.data['F_Dexc_Aem'] - self.corr.bkg_DA*self.data['Tau']*1000
AttributeError: 'NoneType' object has no attribute 'bkg_DA'
ERROR:traits:Exception occurred in traits notification handler for object: <alex.models.EvsS object at 0x06DB8300>, trait: options, old value: None, new value: False 101 101 0.0 1.0 0.0 1.0
Traceback (most recent call last):
  File "C:\Python27\lib\site-packages\traits\trait_notifiers.py", line 520, in _dispatch_change_event
    self.dispatch( handler, *args )
  File "C:\Python27\lib\site-packages\traits\trait_notifiers.py", line 483, in dispatch
    handler( *args )
  File "C:\Documents and Settings\confocal\Desktop\ALEX-Suite 1.0\alex\models.py", line 359, in discard_data_on_S
    self.update()
  File "C:\Documents and Settings\confocal\Desktop\ALEX-Suite 1.0\alex\models.py", line 448, in update
    self._accurate_E()
  File "C:\Documents and Settings\confocal\Desktop\ALEX-Suite 1.0\alex\models.py", line 476, in _accurate_E
    DA_bkg_corr = self.data['F_Dexc_Aem'] - self.corr.bkg_DA*self.data['Tau']*1000
AttributeError: 'NoneType' object has no attribute 'bkg_DA'
ERROR:traits:Exception occurred in traits notification handler for object: <alex.models.EvsS object at 0x06DB8300>, trait: options, old value: None, new value: False 101 101 0.0 1.0 0.0 1.0
Traceback (most recent call last):
  File "C:\Python27\lib\site-packages\traits\trait_notifiers.py", line 520, in _dispatch_change_event
    self.dispatch( handler, *args )
  File "C:\Python27\lib\site-packages\traits\trait_notifiers.py", line 483, in dispatch
    handler( *args )
  File "C:\Documents and Settings\confocal\Desktop\ALEX-Suite 1.0\alex\models.py", line 376, in update_weighting
    self.update()
  File "C:\Documents and Settings\confocal\Desktop\ALEX-Suite 1.0\alex\models.py", line 448, in update
    self._accurate_E()
  File "C:\Documents and Settings\confocal\Desktop\ALEX-Suite 1.0\alex\models.py", line 476, in _accurate_E
    DA_bkg_corr = self.data['F_Dexc_Aem'] - self.corr.bkg_DA*self.data['Tau']*1000
AttributeError: 'NoneType' object has no attribute 'bkg_DA'
ERROR:traits:Exception occurred in traits notification handler for object: <alex.controller.PRHController object at 0x06CD5750>, trait: fitting, old value: None, new value: <alex.functions.GuessesToFit object at 0x07033090>
Traceback (most recent call last):
  File "C:\Python27\lib\site-packages\traits\trait_notifiers.py", line 520, in _dispatch_change_event
    self.dispatch( handler, *args )
  File "C:\Python27\lib\site-packages\traits\trait_notifiers.py", line 483, in dispatch
    handler( *args )
  File "C:\Documents and Settings\confocal\Desktop\ALEX-Suite 1.0\alex\controller.py", line 210, in redraw_plot
    self.evss_view.update()
AttributeError: 'NoneType' object has no attribute 'update'
ERROR:traits:Exception occurred in traits notification handler for object: <alex.views.EvsSView object at 0x070339C0>, trait: rectangle, old value: None, new value: <undefined>
Traceback (most recent call last):
  File "C:\Python27\lib\site-packages\traits\trait_notifiers.py", line 520, in _dispatch_change_event
    self.dispatch( handler, *args )
  File "C:\Python27\lib\site-packages\traits\trait_notifiers.py", line 483, in dispatch
    handler( *args )
  File "C:\Documents and Settings\confocal\Desktop\ALEX-Suite 1.0\alex\controller.py", line 221, in add_guess_rect
    x1 = rect[0][0]
TypeError: '_Undefined' object does not support indexing
ERROR:traits:Exception occurred in traits notification handler for object: <alex.models.EvsS object at 0x0A1F4A50>, trait: thresholds, old value: None, new value: 0.0 inf 0.0 inf 0.0 inf 0.0 1.0
Traceback (most recent call last):
  File "C:\Python27\lib\site-packages\traits\trait_notifiers.py", line 520, in _dispatch_change_event
    self.dispatch( handler, *args )
  File "C:\Python27\lib\site-packages\traits\trait_notifiers.py", line 483, in dispatch
    handler( *args )
  File "C:\Documents and Settings\confocal\Desktop\ALEX-Suite 1.0\alex\models.py", line 350, in apply_thresholds
    self.update()
  File "C:\Documents and Settings\confocal\Desktop\ALEX-Suite 1.0\alex\models.py", line 448, in update
    self._accurate_E()
  File "C:\Documents and Settings\confocal\Desktop\ALEX-Suite 1.0\alex\models.py", line 476, in _accurate_E
    DA_bkg_corr = self.data['F_Dexc_Aem'] - self.corr.bkg_DA*self.data['Tau']*1000
AttributeError: 'NoneType' object has no attribute 'bkg_DA'
ERROR:traits:Exception occurred in traits notification handler for object: <alex.models.EvsS object at 0x0A1F4A50>, trait: options, old value: None, new value: False 101 101 0.0 1.0 0.0 1.0
Traceback (most recent call last):
  File "C:\Python27\lib\site-packages\traits\trait_notifiers.py", line 520, in _dispatch_change_event
    self.dispatch( handler, *args )
  File "C:\Python27\lib\site-packages\traits\trait_notifiers.py", line 483, in dispatch
    handler( *args )
  File "C:\Documents and Settings\confocal\Desktop\ALEX-Suite 1.0\alex\models.py", line 372, in update_binning
    self.update()
  File "C:\Documents and Settings\confocal\Desktop\ALEX-Suite 1.0\alex\models.py", line 448, in update
    self._accurate_E()
  File "C:\Documents and Settings\confocal\Desktop\ALEX-Suite 1.0\alex\models.py", line 476, in _accurate_E
    DA_bkg_corr = self.data['F_Dexc_Aem'] - self.corr.bkg_DA*self.data['Tau']*1000
AttributeError: 'NoneType' object has no attribute 'bkg_DA'
ERROR:traits:Exception occurred in traits notification handler for object: <alex.models.EvsS object at 0x0A1F4A50>, trait: options, old value: None, new value: False 101 101 0.0 1.0 0.0 1.0
Traceback (most recent call last):
  File "C:\Python27\lib\site-packages\traits\trait_notifiers.py", line 520, in _dispatch_change_event
    self.dispatch( handler, *args )
  File "C:\Python27\lib\site-packages\traits\trait_notifiers.py", line 483, in dispatch
    handler( *args )
  File "C:\Documents and Settings\confocal\Desktop\ALEX-Suite 1.0\alex\models.py", line 368, in discard_data_on_E
    self.update()
  File "C:\Documents and Settings\confocal\Desktop\ALEX-Suite 1.0\alex\models.py", line 448, in update
    self._accurate_E()
  File "C:\Documents and Settings\confocal\Desktop\ALEX-Suite 1.0\alex\models.py", line 476, in _accurate_E
    DA_bkg_corr = self.data['F_Dexc_Aem'] - self.corr.bkg_DA*self.data['Tau']*1000
AttributeError: 'NoneType' object has no attribute 'bkg_DA'
ERROR:traits:Exception occurred in traits notification handler for object: <alex.models.EvsS object at 0x0A1F4A50>, trait: options, old value: None, new value: False 101 101 0.0 1.0 0.0 1.0
Traceback (most recent call last):
  File "C:\Python27\lib\site-packages\traits\trait_notifiers.py", line 520, in _dispatch_change_event
    self.dispatch( handler, *args )
  File "C:\Python27\lib\site-packages\traits\trait_notifiers.py", line 483, in dispatch
    handler( *args )
  File "C:\Documents and Settings\confocal\Desktop\ALEX-Suite 1.0\alex\models.py", line 359, in discard_data_on_S
    self.update()
  File "C:\Documents and Settings\confocal\Desktop\ALEX-Suite 1.0\alex\models.py", line 448, in update
    self._accurate_E()
  File "C:\Documents and Settings\confocal\Desktop\ALEX-Suite 1.0\alex\models.py", line 476, in _accurate_E
    DA_bkg_corr = self.data['F_Dexc_Aem'] - self.corr.bkg_DA*self.data['Tau']*1000
AttributeError: 'NoneType' object has no attribute 'bkg_DA'
ERROR:traits:Exception occurred in traits notification handler for object: <alex.models.EvsS object at 0x0A1F4A50>, trait: options, old value: None, new value: False 101 101 0.0 1.0 0.0 1.0
Traceback (most recent call last):
  File "C:\Python27\lib\site-packages\traits\trait_notifiers.py", line 520, in _dispatch_change_event
    self.dispatch( handler, *args )
  File "C:\Python27\lib\site-packages\traits\trait_notifiers.py", line 483, in dispatch
    handler( *args )
  File "C:\Documents and Settings\confocal\Desktop\ALEX-Suite 1.0\alex\models.py", line 376, in update_weighting
    self.update()
  File "C:\Documents and Settings\confocal\Desktop\ALEX-Suite 1.0\alex\models.py", line 448, in update
    self._accurate_E()
  File "C:\Documents and Settings\confocal\Desktop\ALEX-Suite 1.0\alex\models.py", line 476, in _accurate_E
    DA_bkg_corr = self.data['F_Dexc_Aem'] - self.corr.bkg_DA*self.data['Tau']*1000
AttributeError: 'NoneType' object has no attribute 'bkg_DA'
ERROR:traits:Exception occurred in traits notification handler for object: <alex.controller.PRHController object at 0x0AB4F750>, trait: fitting, old value: None, new value: <alex.functions.GuessesToFit object at 0x09FA6870>
Traceback (most recent call last):
  File "C:\Python27\lib\site-packages\traits\trait_notifiers.py", line 520, in _dispatch_change_event
    self.dispatch( handler, *args )
  File "C:\Python27\lib\site-packages\traits\trait_notifiers.py", line 483, in dispatch
    handler( *args )
  File "C:\Documents and Settings\confocal\Desktop\ALEX-Suite 1.0\alex\controller.py", line 210, in redraw_plot
    self.evss_view.update()
AttributeError: 'NoneType' object has no attribute 'update'
ERROR:traits:Exception occurred in traits notification handler for object: <alex.views.EvsSView object at 0x09F87E10>, trait: rectangle, old value: None, new value: <undefined>
Traceback (most recent call last):
  File "C:\Python27\lib\site-packages\traits\trait_notifiers.py", line 520, in _dispatch_change_event
    self.dispatch( handler, *args )
  File "C:\Python27\lib\site-packages\traits\trait_notifiers.py", line 483, in dispatch
    handler( *args )
  File "C:\Documents and Settings\confocal\Desktop\ALEX-Suite 1.0\alex\controller.py", line 221, in add_guess_rect
    x1 = rect[0][0]
TypeError: '_Undefined' object does not support indexing
ERROR:traits:Exception occurred in traits notification handler for object: <alex.models.EvsS object at 0x0A2C72A0>, trait: thresholds, old value: None, new value: 0.0 inf 0.0 inf 0.0 inf 0.0 1.0
Traceback (most recent call last):
  File "C:\Python27\lib\site-packages\traits\trait_notifiers.py", line 520, in _dispatch_change_event
    self.dispatch( handler, *args )
  File "C:\Python27\lib\site-packages\traits\trait_notifiers.py", line 483, in dispatch
    handler( *args )
  File "C:\Documents and Settings\confocal\Desktop\ALEX-Suite 1.0\alex\models.py", line 350, in apply_thresholds
    self.update()
  File "C:\Documents and Settings\confocal\Desktop\ALEX-Suite 1.0\alex\models.py", line 448, in update
    self._accurate_E()
  File "C:\Documents and Settings\confocal\Desktop\ALEX-Suite 1.0\alex\models.py", line 476, in _accurate_E
    DA_bkg_corr = self.data['F_Dexc_Aem'] - self.corr.bkg_DA*self.data['Tau']*1000
AttributeError: 'NoneType' object has no attribute 'bkg_DA'
ERROR:traits:Exception occurred in traits notification handler for object: <alex.models.EvsS object at 0x0A2C72A0>, trait: options, old value: None, new value: False 101 101 0.0 1.0 0.0 1.0
Traceback (most recent call last):
  File "C:\Python27\lib\site-packages\traits\trait_notifiers.py", line 520, in _dispatch_change_event
    self.dispatch( handler, *args )
  File "C:\Python27\lib\site-packages\traits\trait_notifiers.py", line 483, in dispatch
    handler( *args )
  File "C:\Documents and Settings\confocal\Desktop\ALEX-Suite 1.0\alex\models.py", line 372, in update_binning
    self.update()
  File "C:\Documents and Settings\confocal\Desktop\ALEX-Suite 1.0\alex\models.py", line 448, in update
    self._accurate_E()
  File "C:\Documents and Settings\confocal\Desktop\ALEX-Suite 1.0\alex\models.py", line 476, in _accurate_E
    DA_bkg_corr = self.data['F_Dexc_Aem'] - self.corr.bkg_DA*self.data['Tau']*1000
AttributeError: 'NoneType' object has no attribute 'bkg_DA'
ERROR:traits:Exception occurred in traits notification handler for object: <alex.models.EvsS object at 0x0A2C72A0>, trait: options, old value: None, new value: False 101 101 0.0 1.0 0.0 1.0
Traceback (most recent call last):
  File "C:\Python27\lib\site-packages\traits\trait_notifiers.py", line 520, in _dispatch_change_event
    self.dispatch( handler, *args )
  File "C:\Python27\lib\site-packages\traits\trait_notifiers.py", line 483, in dispatch
    handler( *args )
  File "C:\Documents and Settings\confocal\Desktop\ALEX-Suite 1.0\alex\models.py", line 368, in discard_data_on_E
    self.update()
  File "C:\Documents and Settings\confocal\Desktop\ALEX-Suite 1.0\alex\models.py", line 448, in update
    self._accurate_E()
  File "C:\Documents and Settings\confocal\Desktop\ALEX-Suite 1.0\alex\models.py", line 476, in _accurate_E
    DA_bkg_corr = self.data['F_Dexc_Aem'] - self.corr.bkg_DA*self.data['Tau']*1000
AttributeError: 'NoneType' object has no attribute 'bkg_DA'
ERROR:traits:Exception occurred in traits notification handler for object: <alex.models.EvsS object at 0x0A2C72A0>, trait: options, old value: None, new value: False 101 101 0.0 1.0 0.0 1.0
Traceback (most recent call last):
  File "C:\Python27\lib\site-packages\traits\trait_notifiers.py", line 520, in _dispatch_change_event
    self.dispatch( handler, *args )
  File "C:\Python27\lib\site-packages\traits\trait_notifiers.py", line 483, in dispatch
    handler( *args )
  File "C:\Documents and Settings\confocal\Desktop\ALEX-Suite 1.0\alex\models.py", line 359, in discard_data_on_S
    self.update()
  File "C:\Documents and Settings\confocal\Desktop\ALEX-Suite 1.0\alex\models.py", line 448, in update
    self._accurate_E()
  File "C:\Documents and Settings\confocal\Desktop\ALEX-Suite 1.0\alex\models.py", line 476, in _accurate_E
    DA_bkg_corr = self.data['F_Dexc_Aem'] - self.corr.bkg_DA*self.data['Tau']*1000
AttributeError: 'NoneType' object has no attribute 'bkg_DA'
ERROR:traits:Exception occurred in traits notification handler for object: <alex.models.EvsS object at 0x0A2C72A0>, trait: options, old value: None, new value: False 101 101 0.0 1.0 0.0 1.0
Traceback (most recent call last):
  File "C:\Python27\lib\site-packages\traits\trait_notifiers.py", line 520, in _dispatch_change_event
    self.dispatch( handler, *args )
  File "C:\Python27\lib\site-packages\traits\trait_notifiers.py", line 483, in dispatch
    handler( *args )
  File "C:\Documents and Settings\confocal\Desktop\ALEX-Suite 1.0\alex\models.py", line 376, in update_weighting
    self.update()
  File "C:\Documents and Settings\confocal\Desktop\ALEX-Suite 1.0\alex\models.py", line 448, in update
    self._accurate_E()
  File "C:\Documents and Settings\confocal\Desktop\ALEX-Suite 1.0\alex\models.py", line 476, in _accurate_E
    DA_bkg_corr = self.data['F_Dexc_Aem'] - self.corr.bkg_DA*self.data['Tau']*1000
AttributeError: 'NoneType' object has no attribute 'bkg_DA'
ERROR:traits:Exception occurred in traits notification handler for object: <alex.controller.PRHController object at 0x0B48CB10>, trait: fitting, old value: None, new value: <alex.functions.GuessesToFit object at 0x0B6C6DB0>
Traceback (most recent call last):
  File "C:\Python27\lib\site-packages\traits\trait_notifiers.py", line 520, in _dispatch_change_event
    self.dispatch( handler, *args )
  File "C:\Python27\lib\site-packages\traits\trait_notifiers.py", line 483, in dispatch
    handler( *args )
  File "C:\Documents and Settings\confocal\Desktop\ALEX-Suite 1.0\alex\controller.py", line 210, in redraw_plot
    self.evss_view.update()
AttributeError: 'NoneType' object has no attribute 'update'
ERROR:traits:Exception occurred in traits notification handler for object: <alex.views.EvsSView object at 0x0B6C6450>, trait: rectangle, old value: None, new value: <undefined>
Traceback (most recent call last):
  File "C:\Python27\lib\site-packages\traits\trait_notifiers.py", line 520, in _dispatch_change_event
    self.dispatch( handler, *args )
  File "C:\Python27\lib\site-packages\traits\trait_notifiers.py", line 483, in dispatch
    handler( *args )
  File "C:\Documents and Settings\confocal\Desktop\ALEX-Suite 1.0\alex\controller.py", line 221, in add_guess_rect
    x1 = rect[0][0]
TypeError: '_Undefined' object does not support indexing
ERROR:traits:Exception occurred in traits notification handler for object: <alex.models.EvsS object at 0x06EA9090>, trait: thresholds, old value: None, new value: 0.0 inf 0.0 inf 0.0 inf 0.0 1.0
Traceback (most recent call last):
  File "C:\Python27\lib\site-packages\traits\trait_notifiers.py", line 520, in _dispatch_change_event
    self.dispatch( handler, *args )
  File "C:\Python27\lib\site-packages\traits\trait_notifiers.py", line 483, in dispatch
    handler( *args )
  File "C:\Documents and Settings\confocal\Desktop\ALEX-Suite 1.0\alex\models.py", line 350, in apply_thresholds
    self.update()
  File "C:\Documents and Settings\confocal\Desktop\ALEX-Suite 1.0\alex\models.py", line 448, in update
    self._accurate_E()
  File "C:\Documents and Settings\confocal\Desktop\ALEX-Suite 1.0\alex\models.py", line 476, in _accurate_E
    DA_bkg_corr = self.data['F_Dexc_Aem'] - self.corr.bkg_DA*self.data['Tau']*1000
AttributeError: 'NoneType' object has no attribute 'bkg_DA'
ERROR:traits:Exception occurred in traits notification handler for object: <alex.models.EvsS object at 0x06EA9090>, trait: options, old value: None, new value: False 101 101 0.0 1.0 0.0 1.0
Traceback (most recent call last):
  File "C:\Python27\lib\site-packages\traits\trait_notifiers.py", line 520, in _dispatch_change_event
    self.dispatch( handler, *args )
  File "C:\Python27\lib\site-packages\traits\trait_notifiers.py", line 483, in dispatch
    handler( *args )
  File "C:\Documents and Settings\confocal\Desktop\ALEX-Suite 1.0\alex\models.py", line 372, in update_binning
    self.update()
  File "C:\Documents and Settings\confocal\Desktop\ALEX-Suite 1.0\alex\models.py", line 448, in update
    self._accurate_E()
  File "C:\Documents and Settings\confocal\Desktop\ALEX-Suite 1.0\alex\models.py", line 476, in _accurate_E
    DA_bkg_corr = self.data['F_Dexc_Aem'] - self.corr.bkg_DA*self.data['Tau']*1000
AttributeError: 'NoneType' object has no attribute 'bkg_DA'
ERROR:traits:Exception occurred in traits notification handler for object: <alex.models.EvsS object at 0x06EA9090>, trait: options, old value: None, new value: False 101 101 0.0 1.0 0.0 1.0
Traceback (most recent call last):
  File "C:\Python27\lib\site-packages\traits\trait_notifiers.py", line 520, in _dispatch_change_event
    self.dispatch( handler, *args )
  File "C:\Python27\lib\site-packages\traits\trait_notifiers.py", line 483, in dispatch
    handler( *args )
  File "C:\Documents and Settings\confocal\Desktop\ALEX-Suite 1.0\alex\models.py", line 368, in discard_data_on_E
    self.update()
  File "C:\Documents and Settings\confocal\Desktop\ALEX-Suite 1.0\alex\models.py", line 448, in update
    self._accurate_E()
  File "C:\Documents and Settings\confocal\Desktop\ALEX-Suite 1.0\alex\models.py", line 476, in _accurate_E
    DA_bkg_corr = self.data['F_Dexc_Aem'] - self.corr.bkg_DA*self.data['Tau']*1000
AttributeError: 'NoneType' object has no attribute 'bkg_DA'
ERROR:traits:Exception occurred in traits notification handler for object: <alex.models.EvsS object at 0x06EA9090>, trait: options, old value: None, new value: False 101 101 0.0 1.0 0.0 1.0
Traceback (most recent call last):
  File "C:\Python27\lib\site-packages\traits\trait_notifiers.py", line 520, in _dispatch_change_event
    self.dispatch( handler, *args )
  File "C:\Python27\lib\site-packages\traits\trait_notifiers.py", line 483, in dispatch
    handler( *args )
  File "C:\Documents and Settings\confocal\Desktop\ALEX-Suite 1.0\alex\models.py", line 359, in discard_data_on_S
    self.update()
  File "C:\Documents and Settings\confocal\Desktop\ALEX-Suite 1.0\alex\models.py", line 448, in update
    self._accurate_E()
  File "C:\Documents and Settings\confocal\Desktop\ALEX-Suite 1.0\alex\models.py", line 476, in _accurate_E
    DA_bkg_corr = self.data['F_Dexc_Aem'] - self.corr.bkg_DA*self.data['Tau']*1000
AttributeError: 'NoneType' object has no attribute 'bkg_DA'
ERROR:traits:Exception occurred in traits notification handler for object: <alex.models.EvsS object at 0x06EA9090>, trait: options, old value: None, new value: False 101 101 0.0 1.0 0.0 1.0
Traceback (most recent call last):
  File "C:\Python27\lib\site-packages\traits\trait_notifiers.py", line 520, in _dispatch_change_event
    self.dispatch( handler, *args )
  File "C:\Python27\lib\site-packages\traits\trait_notifiers.py", line 483, in dispatch
    handler( *args )
  File "C:\Documents and Settings\confocal\Desktop\ALEX-Suite 1.0\alex\models.py", line 376, in update_weighting
    self.update()
  File "C:\Documents and Settings\confocal\Desktop\ALEX-Suite 1.0\alex\models.py", line 448, in update
    self._accurate_E()
  File "C:\Documents and Settings\confocal\Desktop\ALEX-Suite 1.0\alex\models.py", line 476, in _accurate_E
    DA_bkg_corr = self.data['F_Dexc_Aem'] - self.corr.bkg_DA*self.data['Tau']*1000
AttributeError: 'NoneType' object has no attribute 'bkg_DA'
ERROR:traits:Exception occurred in traits notification handler for object: <alex.controller.PRHController object at 0x0705F030>, trait: fitting, old value: None, new value: <alex.functions.GuessesToFit object at 0x0A3F18A0>
Traceback (most recent call last):
  File "C:\Python27\lib\site-packages\traits\trait_notifiers.py", line 520, in _dispatch_change_event
    self.dispatch( handler, *args )
  File "C:\Python27\lib\site-packages\traits\trait_notifiers.py", line 483, in dispatch
    handler( *args )
  File "C:\Documents and Settings\confocal\Desktop\ALEX-Suite 1.0\alex\controller.py", line 210, in redraw_plot
    self.evss_view.update()
AttributeError: 'NoneType' object has no attribute 'update'
ERROR:traits:Exception occurred in traits notification handler for object: <alex.views.EvsSView object at 0x06E61FC0>, trait: rectangle, old value: None, new value: <undefined>
Traceback (most recent call last):
  File "C:\Python27\lib\site-packages\traits\trait_notifiers.py", line 520, in _dispatch_change_event
    self.dispatch( handler, *args )
  File "C:\Python27\lib\site-packages\traits\trait_notifiers.py", line 483, in dispatch
    handler( *args )
  File "C:\Documents and Settings\confocal\Desktop\ALEX-Suite 1.0\alex\controller.py", line 221, in add_guess_rect
    x1 = rect[0][0]
TypeError: '_Undefined' object does not support indexing
ERROR:traits:Exception occurred in traits notification handler for object: <alex.models.EvsS object at 0x0B511030>, trait: thresholds, old value: None, new value: 0.0 inf 0.0 inf 0.0 inf 0.0 1.0
Traceback (most recent call last):
  File "C:\Python27\lib\site-packages\traits\trait_notifiers.py", line 520, in _dispatch_change_event
    self.dispatch( handler, *args )
  File "C:\Python27\lib\site-packages\traits\trait_notifiers.py", line 483, in dispatch
    handler( *args )
  File "C:\Documents and Settings\confocal\Desktop\ALEX-Suite 1.0\alex\models.py", line 350, in apply_thresholds
    self.update()
  File "C:\Documents and Settings\confocal\Desktop\ALEX-Suite 1.0\alex\models.py", line 448, in update
    self._accurate_E()
  File "C:\Documents and Settings\confocal\Desktop\ALEX-Suite 1.0\alex\models.py", line 476, in _accurate_E
    DA_bkg_corr = self.data['F_Dexc_Aem'] - self.corr.bkg_DA*self.data['Tau']*1000
AttributeError: 'NoneType' object has no attribute 'bkg_DA'
ERROR:traits:Exception occurred in traits notification handler for object: <alex.models.EvsS object at 0x0B511030>, trait: options, old value: None, new value: False 101 101 0.0 1.0 0.0 1.0
Traceback (most recent call last):
  File "C:\Python27\lib\site-packages\traits\trait_notifiers.py", line 520, in _dispatch_change_event
    self.dispatch( handler, *args )
  File "C:\Python27\lib\site-packages\traits\trait_notifiers.py", line 483, in dispatch
    handler( *args )
  File "C:\Documents and Settings\confocal\Desktop\ALEX-Suite 1.0\alex\models.py", line 372, in update_binning
    self.update()
  File "C:\Documents and Settings\confocal\Desktop\ALEX-Suite 1.0\alex\models.py", line 448, in update
    self._accurate_E()
  File "C:\Documents and Settings\confocal\Desktop\ALEX-Suite 1.0\alex\models.py", line 476, in _accurate_E
    DA_bkg_corr = self.data['F_Dexc_Aem'] - self.corr.bkg_DA*self.data['Tau']*1000
AttributeError: 'NoneType' object has no attribute 'bkg_DA'
ERROR:traits:Exception occurred in traits notification handler for object: <alex.models.EvsS object at 0x0B511030>, trait: options, old value: None, new value: False 101 101 0.0 1.0 0.0 1.0
Traceback (most recent call last):
  File "C:\Python27\lib\site-packages\traits\trait_notifiers.py", line 520, in _dispatch_change_event
    self.dispatch( handler, *args )
  File "C:\Python27\lib\site-packages\traits\trait_notifiers.py", line 483, in dispatch
    handler( *args )
  File "C:\Documents and Settings\confocal\Desktop\ALEX-Suite 1.0\alex\models.py", line 368, in discard_data_on_E
    self.update()
  File "C:\Documents and Settings\confocal\Desktop\ALEX-Suite 1.0\alex\models.py", line 448, in update
    self._accurate_E()
  File "C:\Documents and Settings\confocal\Desktop\ALEX-Suite 1.0\alex\models.py", line 476, in _accurate_E
    DA_bkg_corr = self.data['F_Dexc_Aem'] - self.corr.bkg_DA*self.data['Tau']*1000
AttributeError: 'NoneType' object has no attribute 'bkg_DA'
ERROR:traits:Exception occurred in traits notification handler for object: <alex.models.EvsS object at 0x0B511030>, trait: options, old value: None, new value: False 101 101 0.0 1.0 0.0 1.0
Traceback (most recent call last):
  File "C:\Python27\lib\site-packages\traits\trait_notifiers.py", line 520, in _dispatch_change_event
    self.dispatch( handler, *args )
  File "C:\Python27\lib\site-packages\traits\trait_notifiers.py", line 483, in dispatch
    handler( *args )
  File "C:\Documents and Settings\confocal\Desktop\ALEX-Suite 1.0\alex\models.py", line 359, in discard_data_on_S
    self.update()
  File "C:\Documents and Settings\confocal\Desktop\ALEX-Suite 1.0\alex\models.py", line 448, in update
    self._accurate_E()
  File "C:\Documents and Settings\confocal\Desktop\ALEX-Suite 1.0\alex\models.py", line 476, in _accurate_E
    DA_bkg_corr = self.data['F_Dexc_Aem'] - self.corr.bkg_DA*self.data['Tau']*1000
AttributeError: 'NoneType' object has no attribute 'bkg_DA'
ERROR:traits:Exception occurred in traits notification handler for object: <alex.models.EvsS object at 0x0B511030>, trait: options, old value: None, new value: False 101 101 0.0 1.0 0.0 1.0
Traceback (most recent call last):
  File "C:\Python27\lib\site-packages\traits\trait_notifiers.py", line 520, in _dispatch_change_event
    self.dispatch( handler, *args )
  File "C:\Python27\lib\site-packages\traits\trait_notifiers.py", line 483, in dispatch
    handler( *args )
  File "C:\Documents and Settings\confocal\Desktop\ALEX-Suite 1.0\alex\models.py", line 376, in update_weighting
    self.update()
  File "C:\Documents and Settings\confocal\Desktop\ALEX-Suite 1.0\alex\models.py", line 448, in update
    self._accurate_E()
  File "C:\Documents and Settings\confocal\Desktop\ALEX-Suite 1.0\alex\models.py", line 476, in _accurate_E
    DA_bkg_corr = self.data['F_Dexc_Aem'] - self.corr.bkg_DA*self.data['Tau']*1000
AttributeError: 'NoneType' object has no attribute 'bkg_DA'
ERROR:traits:Exception occurred in traits notification handler for object: <alex.controller.PRHController object at 0x0B481A80>, trait: fitting, old value: None, new value: <alex.functions.GuessesToFit object at 0x10DE4C30>
Traceback (most recent call last):
  File "C:\Python27\lib\site-packages\traits\trait_notifiers.py", line 520, in _dispatch_change_event
    self.dispatch( handler, *args )
  File "C:\Python27\lib\site-packages\traits\trait_notifiers.py", line 483, in dispatch
    handler( *args )
  File "C:\Documents and Settings\confocal\Desktop\ALEX-Suite 1.0\alex\controller.py", line 210, in redraw_plot
    self.evss_view.update()
AttributeError: 'NoneType' object has no attribute 'update'
ERROR:traits:Exception occurred in traits notification handler for object: <alex.views.EvsSView object at 0x10DE46C0>, trait: rectangle, old value: None, new value: <undefined>
Traceback (most recent call last):
  File "C:\Python27\lib\site-packages\traits\trait_notifiers.py", line 520, in _dispatch_change_event
    self.dispatch( handler, *args )
  File "C:\Python27\lib\site-packages\traits\trait_notifiers.py", line 483, in dispatch
    handler( *args )
  File "C:\Documents and Settings\confocal\Desktop\ALEX-Suite 1.0\alex\controller.py", line 221, in add_guess_rect
    x1 = rect[0][0]
TypeError: '_Undefined' object does not support indexing
ERROR:traits:Exception occurred in traits notification handler for object: <alex.models.EvsS object at 0x1104CB70>, trait: thresholds, old value: None, new value: 0.0 inf 0.0 inf 0.0 inf 0.0 1.0
Traceback (most recent call last):
  File "C:\Python27\lib\site-packages\traits\trait_notifiers.py", line 520, in _dispatch_change_event
    self.dispatch( handler, *args )
  File "C:\Python27\lib\site-packages\traits\trait_notifiers.py", line 483, in dispatch
    handler( *args )
  File "C:\Documents and Settings\confocal\Desktop\ALEX-Suite 1.0\alex\models.py", line 350, in apply_thresholds
    self.update()
  File "C:\Documents and Settings\confocal\Desktop\ALEX-Suite 1.0\alex\models.py", line 448, in update
    self._accurate_E()
  File "C:\Documents and Settings\confocal\Desktop\ALEX-Suite 1.0\alex\models.py", line 476, in _accurate_E
    DA_bkg_corr = self.data['F_Dexc_Aem'] - self.corr.bkg_DA*self.data['Tau']*1000
AttributeError: 'NoneType' object has no attribute 'bkg_DA'
ERROR:traits:Exception occurred in traits notification handler for object: <alex.models.EvsS object at 0x1104CB70>, trait: options, old value: None, new value: False 101 101 0.0 1.0 0.0 1.0
Traceback (most recent call last):
  File "C:\Python27\lib\site-packages\traits\trait_notifiers.py", line 520, in _dispatch_change_event
    self.dispatch( handler, *args )
  File "C:\Python27\lib\site-packages\traits\trait_notifiers.py", line 483, in dispatch
    handler( *args )
  File "C:\Documents and Settings\confocal\Desktop\ALEX-Suite 1.0\alex\models.py", line 372, in update_binning
    self.update()
  File "C:\Documents and Settings\confocal\Desktop\ALEX-Suite 1.0\alex\models.py", line 448, in update
    self._accurate_E()
  File "C:\Documents and Settings\confocal\Desktop\ALEX-Suite 1.0\alex\models.py", line 476, in _accurate_E
    DA_bkg_corr = self.data['F_Dexc_Aem'] - self.corr.bkg_DA*self.data['Tau']*1000
AttributeError: 'NoneType' object has no attribute 'bkg_DA'
ERROR:traits:Exception occurred in traits notification handler for object: <alex.models.EvsS object at 0x1104CB70>, trait: options, old value: None, new value: False 101 101 0.0 1.0 0.0 1.0
Traceback (most recent call last):
  File "C:\Python27\lib\site-packages\traits\trait_notifiers.py", line 520, in _dispatch_change_event
    self.dispatch( handler, *args )
  File "C:\Python27\lib\site-packages\traits\trait_notifiers.py", line 483, in dispatch
    handler( *args )
  File "C:\Documents and Settings\confocal\Desktop\ALEX-Suite 1.0\alex\models.py", line 368, in discard_data_on_E
    self.update()
  File "C:\Documents and Settings\confocal\Desktop\ALEX-Suite 1.0\alex\models.py", line 448, in update
    self._accurate_E()
  File "C:\Documents and Settings\confocal\Desktop\ALEX-Suite 1.0\alex\models.py", line 476, in _accurate_E
    DA_bkg_corr = self.data['F_Dexc_Aem'] - self.corr.bkg_DA*self.data['Tau']*1000
AttributeError: 'NoneType' object has no attribute 'bkg_DA'
ERROR:traits:Exception occurred in traits notification handler for object: <alex.models.EvsS object at 0x1104CB70>, trait: options, old value: None, new value: False 101 101 0.0 1.0 0.0 1.0
Traceback (most recent call last):
  File "C:\Python27\lib\site-packages\traits\trait_notifiers.py", line 520, in _dispatch_change_event
    self.dispatch( handler, *args )
  File "C:\Python27\lib\site-packages\traits\trait_notifiers.py", line 483, in dispatch
    handler( *args )
  File "C:\Documents and Settings\confocal\Desktop\ALEX-Suite 1.0\alex\models.py", line 359, in discard_data_on_S
    self.update()
  File "C:\Documents and Settings\confocal\Desktop\ALEX-Suite 1.0\alex\models.py", line 448, in update
    self._accurate_E()
  File "C:\Documents and Settings\confocal\Desktop\ALEX-Suite 1.0\alex\models.py", line 476, in _accurate_E
    DA_bkg_corr = self.data['F_Dexc_Aem'] - self.corr.bkg_DA*self.data['Tau']*1000
AttributeError: 'NoneType' object has no attribute 'bkg_DA'
ERROR:traits:Exception occurred in traits notification handler for object: <alex.models.EvsS object at 0x1104CB70>, trait: options, old value: None, new value: False 101 101 0.0 1.0 0.0 1.0
Traceback (most recent call last):
  File "C:\Python27\lib\site-packages\traits\trait_notifiers.py", line 520, in _dispatch_change_event
    self.dispatch( handler, *args )
  File "C:\Python27\lib\site-packages\traits\trait_notifiers.py", line 483, in dispatch
    handler( *args )
  File "C:\Documents and Settings\confocal\Desktop\ALEX-Suite 1.0\alex\models.py", line 376, in update_weighting
    self.update()
  File "C:\Documents and Settings\confocal\Desktop\ALEX-Suite 1.0\alex\models.py", line 448, in update
    self._accurate_E()
  File "C:\Documents and Settings\confocal\Desktop\ALEX-Suite 1.0\alex\models.py", line 476, in _accurate_E
    DA_bkg_corr = self.data['F_Dexc_Aem'] - self.corr.bkg_DA*self.data['Tau']*1000
AttributeError: 'NoneType' object has no attribute 'bkg_DA'
ERROR:traits:Exception occurred in traits notification handler for object: <alex.controller.PRHController object at 0x11047690>, trait: fitting, old value: None, new value: <alex.functions.GuessesToFit object at 0x0A666BD0>
Traceback (most recent call last):
  File "C:\Python27\lib\site-packages\traits\trait_notifiers.py", line 520, in _dispatch_change_event
    self.dispatch( handler, *args )
  File "C:\Python27\lib\site-packages\traits\trait_notifiers.py", line 483, in dispatch
    handler( *args )
  File "C:\Documents and Settings\confocal\Desktop\ALEX-Suite 1.0\alex\controller.py", line 210, in redraw_plot
    self.evss_view.update()
AttributeError: 'NoneType' object has no attribute 'update'
ERROR:traits:Exception occurred in traits notification handler for object: <alex.views.EvsSView object at 0x10AE5270>, trait: rectangle, old value: None, new value: <undefined>
Traceback (most recent call last):
  File "C:\Python27\lib\site-packages\traits\trait_notifiers.py", line 520, in _dispatch_change_event
    self.dispatch( handler, *args )
  File "C:\Python27\lib\site-packages\traits\trait_notifiers.py", line 483, in dispatch
    handler( *args )
  File "C:\Documents and Settings\confocal\Desktop\ALEX-Suite 1.0\alex\controller.py", line 221, in add_guess_rect
    x1 = rect[0][0]
TypeError: '_Undefined' object does not support indexing
